<?xml version="1.0" encoding="utf-8"?>
<shfbBuild product="Sandcastle Help File Builder and Tools" version="2017.1.28.0" projectFile="C:\Users\l_ma\Source\Repos\EPAM.RD.2017.F.Lioshyn\SampleService\UserDocumentation\UserDocumentation.shfbproj" started="20.02.2017 15:39:49">
<buildStep step="Initializing">
Finding tools...
The Sandcastle tools are located in &#39;C:\Program Files (x86)\EWSoftware\Sandcastle Help File Builder\&#39;
Searching for HTML Help 1 compiler...
Found HTML Help 1 compiler in &#39;C:\Program Files (x86)\HTML Help Workshop\&#39;
Locating components in the following folder(s):
    C:\Users\l_ma\Source\Repos\EPAM.RD.2017.F.Lioshyn\SampleService\UserDocumentation
    C:\ProgramData\EWSoftware\Sandcastle Help File Builder\Components and Plug-Ins\
    C:\Program Files (x86)\EWSoftware\Sandcastle Help File Builder\
Using framework reflection data for &#39;.NET Framework 4.5&#39; located in &#39;C:\Program Files (x86)\EWSoftware\Sandcastle Help File Builder\Data\.NETFramework&#39;
Using presentation style &#39;VS2013&#39; located in &#39;C:\Program Files (x86)\EWSoftware\Sandcastle Help File Builder\PresentationStyles\VS2013&#39;
Loading and initializing plug-ins...
Lightweight Website Style Version 2017.1.28.0
Copyright &#169; 2006-2017, Eric Woodruff, All Rights Reserved
Portions Copyright &#169; 2014, Sam Harwell, All Rights Reserved
</buildStep>
<buildStep step="ValidatingDocumentationSources">
Validating and copying documentation source information
Source: C:\Users\l_ma\Source\Repos\EPAM.RD.2017.F.Lioshyn\SampleService\SampleService.sln
    Found project &#39;C:\Users\l_ma\Source\Repos\EPAM.RD.2017.F.Lioshyn\SampleService\ServiceApplication\UserServiceApplication.csproj&#39;
    Found project &#39;C:\Users\l_ma\Source\Repos\EPAM.RD.2017.F.Lioshyn\SampleService\MyServiceLibrary\UserServiceLibrary.csproj&#39;
    Found project &#39;C:\Users\l_ma\Source\Repos\EPAM.RD.2017.F.Lioshyn\SampleService\UserServiceLibrary.Tests\UserServiceLibrary.Tests.csproj&#39;
Source: C:\Users\l_ma\Source\Repos\EPAM.RD.2017.F.Lioshyn\SampleService\MyServiceLibrary\UserServiceLibrary.csproj
    Ignoring duplicate project file &#39;C:\Users\l_ma\Source\Repos\EPAM.RD.2017.F.Lioshyn\SampleService\MyServiceLibrary\UserServiceLibrary.csproj&#39;

Parsing project files
    Found assembly &#39;C:\Users\l_ma\Source\Repos\EPAM.RD.2017.F.Lioshyn\SampleService\ServiceApplication\bin\Debug\UserServiceApplication.exe&#39;
    Found assembly &#39;C:\Users\l_ma\Source\Repos\EPAM.RD.2017.F.Lioshyn\SampleService\MyServiceLibrary\bin\Debug\UserServiceLibrary.dll&#39;
    Found assembly &#39;C:\Users\l_ma\Source\Repos\EPAM.RD.2017.F.Lioshyn\SampleService\UserServiceLibrary.Tests\bin\Debug\UserServiceLibrary.Tests.dll&#39;
SHFB: Warning BE0007: A project with a different or higher framework version was found.  Changing project FrameworkVersion property from &#39;.NET Framework 4.5&#39; to &#39;.NET Framework 4.5.2&#39; for the build.

References to include (excluding framework assemblies):
    C:\Users\l_ma\Source\Repos\EPAM.RD.2017.F.Lioshyn\SampleService\MyServiceLibrary\bin\Debug\UserServiceLibrary.dll
    Microsoft.VisualStudio.QualityTools.UnitTestFramework
    nunit.framework, Version=2.6.3.13283, Culture=neutral, PublicKeyToken=96d09a1eb7f44a77, processorArchitecture=MSIL

Copying XML comments files
    C:\Users\l_ma\Source\Repos\EPAM.RD.2017.F.Lioshyn\SampleService\ServiceApplication\bin\Debug\UserServiceApplication.XML -&gt; C:\Users\l_ma\Source\Repos\EPAM.RD.2017.F.Lioshyn\SampleService\UserDocumentation\Help\Working\UserServiceApplication.XML
    C:\Users\l_ma\Source\Repos\EPAM.RD.2017.F.Lioshyn\SampleService\MyServiceLibrary\bin\Debug\UserServiceLibrary.xml -&gt; C:\Users\l_ma\Source\Repos\EPAM.RD.2017.F.Lioshyn\SampleService\UserDocumentation\Help\Working\UserServiceLibrary.xml
    C:\Users\l_ma\Source\Repos\EPAM.RD.2017.F.Lioshyn\SampleService\UserServiceLibrary.Tests\bin\Debug\UserServiceLibrary.Tests.XML -&gt; C:\Users\l_ma\Source\Repos\EPAM.RD.2017.F.Lioshyn\SampleService\UserDocumentation\Help\Working\UserServiceLibrary.Tests.XML
</buildStep>
<buildStep step="GenerateSharedContent">
Generating shared content files (en-US, English (United States))...
<plugIn name="Lightweight Website Style" behavior="After" priority="1000">
</plugIn>    Last step completed in 00:00:00,0095
</buildStep>
<buildStep step="GenerateApiFilter">
Generating API filter for MRefBuilder...
    Last step completed in 00:00:00,0015
</buildStep>
<buildStep step="GenerateReflectionInfo">
Generating reflection information...
[C:\Program Files (x86)\MSBuild\14.0\bin\MSBuild.exe - GenerateRefInfo.proj]
‘Ў&#174;аЄ&#160; &#173;&#160;з&#160;в&#160; 20.02.2017 15:39:51.
Џа&#174;ҐЄв &quot;C:\Users\l_ma\Source\Repos\EPAM.RD.2017.F.Lioshyn\SampleService\UserDocumentation\Help\Working\GenerateRefInfo.proj&quot; ў г&#167;&#171;Ґ 1 (жҐ&#171;ҐўлҐ &#174;ЎкҐЄвл Ї&#174; г&#172;&#174;&#171;з&#160;&#173;Ёо).
PrepareForBuild:
  ‘&#174;&#167;&#164;&#160;&#173;ЁҐ Є&#160;в&#160;&#171;&#174;Ј&#160; &quot;obj\Debug\&quot;.
GenerateRefInfo:
  MRefBuilder (v2017.1.28.0)
  Copyright c 2006-2017, Microsoft Corporation, All Rights Reserved.
  Portions Copyright c 2006-2016, Eric Woodruff, All Rights Reserved.
  No source code context base path specified.  Source context information is unavailable.
  Loaded 3 assemblies for reflection and 4 dependency assemblies.
  Wrote information on 5 namespaces, 9 types, and 43 members
  Љ&#174;ЇЁа&#174;ў&#160;&#173;ЁҐ д&#160;&#169;&#171;&#160; Ё&#167; &quot;reflection.org&quot; ў &quot;reflection.all&quot;.
  XslTransform (v2017.1.28.0)
  Copyright c 2006-2017, Microsoft Corporation, All Rights Reserved.
  Portions Copyright c 2006-2016, Eric Woodruff, All Rights Reserved.
  Applying XSL transformation &#39;C:\Program Files (x86)\EWSoftware\Sandcastle Help File Builder\ProductionTransforms\MergeDuplicates.xsl&#39;.
‘Ў&#174;аЄ&#160; Їа&#174;ҐЄв&#160; &quot;C:\Users\l_ma\Source\Repos\EPAM.RD.2017.F.Lioshyn\SampleService\UserDocumentation\Help\Working\GenerateRefInfo.proj&quot; &#167;&#160;ўҐаиҐ&#173;&#160; (жҐ&#171;ҐўлҐ &#174;ЎкҐЄвл Ї&#174; г&#172;&#174;&#171;з&#160;&#173;Ёо).

‘Ў&#174;аЄ&#160; гбЇҐи&#173;&#174; &#167;&#160;ўҐаиҐ&#173;&#160;.

‡&#160;ва&#160;зҐ&#173;&#173;&#174;Ґ ўаҐ&#172;п: 00:00:00.79
    Last step completed in 00:00:01,3557
</buildStep>
<buildStep step="TransformReflectionInfo">
Transforming reflection output...
[C:\Program Files (x86)\MSBuild\14.0\bin\MSBuild.exe - TransformManifest.proj]
‘Ў&#174;аЄ&#160; &#173;&#160;з&#160;в&#160; 20.02.2017 15:39:53.
Џа&#174;ҐЄв &quot;C:\Users\l_ma\Source\Repos\EPAM.RD.2017.F.Lioshyn\SampleService\UserDocumentation\Help\Working\TransformManifest.proj&quot; ў г&#167;&#171;Ґ 1 (жҐ&#171;ҐўлҐ &#174;ЎкҐЄвл Ї&#174; г&#172;&#174;&#171;з&#160;&#173;Ёо).
TransformManifest:
  XslTransform (v2017.1.28.0)
  Copyright c 2006-2017, Microsoft Corporation, All Rights Reserved.
  Portions Copyright c 2006-2016, Eric Woodruff, All Rights Reserved.
  Applying XSL transformation &#39;C:\Program Files (x86)\EWSoftware\Sandcastle Help File Builder\\ProductionTransforms\ApplyVSDocModel.xsl&#39;.
  Љ&#174;ЇЁа&#174;ў&#160;&#173;ЁҐ д&#160;&#169;&#171;&#160; Ё&#167; &quot;reflection.xml&quot; ў &quot;reflection.nofilenames&quot;.
  XslTransform (v2017.1.28.0)
  Copyright c 2006-2017, Microsoft Corporation, All Rights Reserved.
  Portions Copyright c 2006-2016, Eric Woodruff, All Rights Reserved.
  Applying XSL transformation &#39;C:\Program Files (x86)\EWSoftware\Sandcastle Help File Builder\ProductionTransforms\AddFilenames.xsl&#39;.
  XslTransform (v2017.1.28.0)
  Copyright c 2006-2017, Microsoft Corporation, All Rights Reserved.
  Portions Copyright c 2006-2016, Eric Woodruff, All Rights Reserved.
  Applying XSL transformation &#39;C:\Program Files (x86)\EWSoftware\Sandcastle Help File Builder\ProductionTransforms\ReflectionToManifest.xsl&#39;.
‘Ў&#174;аЄ&#160; Їа&#174;ҐЄв&#160; &quot;C:\Users\l_ma\Source\Repos\EPAM.RD.2017.F.Lioshyn\SampleService\UserDocumentation\Help\Working\TransformManifest.proj&quot; &#167;&#160;ўҐаиҐ&#173;&#160; (жҐ&#171;ҐўлҐ &#174;ЎкҐЄвл Ї&#174; г&#172;&#174;&#171;з&#160;&#173;Ёо).

‘Ў&#174;аЄ&#160; гбЇҐи&#173;&#174; &#167;&#160;ўҐаиҐ&#173;&#160;.

‡&#160;ва&#160;зҐ&#173;&#173;&#174;Ґ ўаҐ&#172;п: 00:00:00.65
    Last step completed in 00:00:00,9108
</buildStep>
<buildStep step="GenerateNamespaceSummaries">
Generating namespace summary information...
    Last step completed in 00:00:00,0150
</buildStep>
<buildStep step="CopyConceptualContent">
Copying conceptual content...
Copying standard token shared content file...
Checking for other token files...
Checking for code snippets files...
Copying images and creating the media map file...
Generating conceptual topic files
    Parsing topic file &#39;C:\Users\l_ma\Source\Repos\EPAM.RD.2017.F.Lioshyn\SampleService\UserDocumentation\Content\Welcome.aml&#39;
    C:\Users\l_ma\Source\Repos\EPAM.RD.2017.F.Lioshyn\SampleService\UserDocumentation\Content\Welcome.aml -&gt; C:\Users\l_ma\Source\Repos\EPAM.RD.2017.F.Lioshyn\SampleService\UserDocumentation\Help\Working\ddueXml\f5bd35a5-30d1-4b43-9839-8c143ec409df.xml
    Parsing topic file &#39;C:\Users\l_ma\Source\Repos\EPAM.RD.2017.F.Lioshyn\SampleService\UserDocumentation\Content\VersionHistory\VersionHistory.aml&#39;
    C:\Users\l_ma\Source\Repos\EPAM.RD.2017.F.Lioshyn\SampleService\UserDocumentation\Content\VersionHistory\VersionHistory.aml -&gt; C:\Users\l_ma\Source\Repos\EPAM.RD.2017.F.Lioshyn\SampleService\UserDocumentation\Help\Working\ddueXml\882ab393-e400-4042-9f04-004f4354cd14.xml
    Parsing topic file &#39;C:\Users\l_ma\Source\Repos\EPAM.RD.2017.F.Lioshyn\SampleService\UserDocumentation\Content\VersionHistory\v1.0.0.0.aml&#39;
    C:\Users\l_ma\Source\Repos\EPAM.RD.2017.F.Lioshyn\SampleService\UserDocumentation\Content\VersionHistory\v1.0.0.0.aml -&gt; C:\Users\l_ma\Source\Repos\EPAM.RD.2017.F.Lioshyn\SampleService\UserDocumentation\Help\Working\ddueXml\d246e7ba-3f4b-4b80-8b62-a60a27c45bad.xml
    Last step completed in 00:00:00,0631
</buildStep>
<buildStep step="CreateConceptualTopicConfigs">
Creating conceptual topic configuration files...
    Companion files
    _ContentMetadata_.xml
    Merging topic IDs into manifest.xml
    Last step completed in 00:00:00,0125
</buildStep>
<buildStep step="CopyAdditionalContent">
Copying additional content files...
C:\Users\l_ma\Source\Repos\EPAM.RD.2017.F.Lioshyn\SampleService\UserDocumentation\icons\Help.png -&gt; C:\Users\l_ma\Source\Repos\EPAM.RD.2017.F.Lioshyn\SampleService\UserDocumentation\Help\Working\Output\HtmlHelp1\icons\Help.png
    Last step completed in 00:00:00,0090
</buildStep>
<buildStep step="MergeTablesOfContents">
Merging conceptual and additional tables of contents...
    Last step completed in 00:00:00,0005
</buildStep>
<buildStep step="GenerateIntermediateTableOfContents">
Generating intermediate table of contents file...
[C:\Program Files (x86)\MSBuild\14.0\bin\MSBuild.exe - GenerateIntermediateTOC.proj]
‘Ў&#174;аЄ&#160; &#173;&#160;з&#160;в&#160; 20.02.2017 15:39:54.
Џа&#174;ҐЄв &quot;C:\Users\l_ma\Source\Repos\EPAM.RD.2017.F.Lioshyn\SampleService\UserDocumentation\Help\Working\GenerateIntermediateTOC.proj&quot; ў г&#167;&#171;Ґ 1 (жҐ&#171;ҐўлҐ &#174;ЎкҐЄвл Ї&#174; г&#172;&#174;&#171;з&#160;&#173;Ёо).
GenerateIntermediateTOC:
  XslTransform (v2017.1.28.0)
  Copyright c 2006-2017, Microsoft Corporation, All Rights Reserved.
  Portions Copyright c 2006-2016, Eric Woodruff, All Rights Reserved.
  Applying XSL transformation &#39;C:\Program Files (x86)\EWSoftware\Sandcastle Help File Builder\\ProductionTransforms\CreateVSToc.xsl&#39;.
‘Ў&#174;аЄ&#160; Їа&#174;ҐЄв&#160; &quot;C:\Users\l_ma\Source\Repos\EPAM.RD.2017.F.Lioshyn\SampleService\UserDocumentation\Help\Working\GenerateIntermediateTOC.proj&quot; &#167;&#160;ўҐаиҐ&#173;&#160; (жҐ&#171;ҐўлҐ &#174;ЎкҐЄвл Ї&#174; г&#172;&#174;&#171;з&#160;&#173;Ёо).

‘Ў&#174;аЄ&#160; гбЇҐи&#173;&#174; &#167;&#160;ўҐаиҐ&#173;&#160;.

‡&#160;ва&#160;зҐ&#173;&#173;&#174;Ґ ўаҐ&#172;п: 00:00:00.17
Generating conceptual content intermediate TOC file...
    Last step completed in 00:00:00,4284
</buildStep>
<buildStep step="CreateBuildAssemblerConfigs">
Creating Sandcastle configuration files...
    sandcastle.config
    Last step completed in 00:00:00,2752
</buildStep>
<buildStep step="MergeCustomConfigs">
Merging custom build component configurations
C:\Users\l_ma\Source\Repos\EPAM.RD.2017.F.Lioshyn\SampleService\UserDocumentation\Help\Working\sandcastle.config
  Updating reference topic configurations.
  Updating conceptual topic configurations.
    Removing unused ExampleComponent.
    Last step completed in 00:00:00,0070
</buildStep>
<buildStep step="BuildTopics">
Building help topics...
[C:\Program Files (x86)\MSBuild\14.0\bin\MSBuild.exe - BuildTopics.proj]
‘Ў&#174;аЄ&#160; &#173;&#160;з&#160;в&#160; 20.02.2017 15:39:54.
Џа&#174;ҐЄв &quot;C:\Users\l_ma\Source\Repos\EPAM.RD.2017.F.Lioshyn\SampleService\UserDocumentation\Help\Working\BuildTopics.proj&quot; ў г&#167;&#171;Ґ 1 (жҐ&#171;ҐўлҐ &#174;ЎкҐЄвл Ї&#174; г&#172;&#174;&#171;з&#160;&#173;Ёо).
BuildTopics:
  BuildAssembler (v2017.1.28.0)
  Copyright c 2006-2017, Microsoft Corporation, All Rights Reserved.
  Portions Copyright c 2006-2016, Eric Woodruff, All Rights Reserved.
  Loading configuration...
  Processing topics...
BuildAssembler : warning : ShowMissingComponent: [N:ServiceApplication] Missing &lt;summary&gt; documentation [C:\Users\l_ma\Source\Repos\EPAM.RD.2017.F.Lioshyn\SampleService\UserDocumentation\Help\Working\BuildTopics.proj]
BuildAssembler : warning : ShowMissingComponent: [T:ServiceApplication.Program] Missing &lt;summary&gt; documentation [C:\Users\l_ma\Source\Repos\EPAM.RD.2017.F.Lioshyn\SampleService\UserDocumentation\Help\Working\BuildTopics.proj]
BuildAssembler : warning : ShowMissingComponent: [M:ServiceApplication.Program.Main(System.String[])] Missing &lt;summary&gt; documentation [C:\Users\l_ma\Source\Repos\EPAM.RD.2017.F.Lioshyn\SampleService\UserDocumentation\Help\Working\BuildTopics.proj]
BuildAssembler : warning : ShowMissingComponent: [M:ServiceApplication.Program.Main(System.String[])] Missing &lt;param name=&quot;args&quot;/&gt; documentation [C:\Users\l_ma\Source\Repos\EPAM.RD.2017.F.Lioshyn\SampleService\UserDocumentation\Help\Working\BuildTopics.proj]
BuildAssembler : warning : ShowMissingComponent: [N:UserServiceLibrary] Missing &lt;summary&gt; documentation [C:\Users\l_ma\Source\Repos\EPAM.RD.2017.F.Lioshyn\SampleService\UserDocumentation\Help\Working\BuildTopics.proj]
BuildAssembler : warning : ShowMissingComponent: [N:UserServiceLibrary.Exception] Missing &lt;summary&gt; documentation [C:\Users\l_ma\Source\Repos\EPAM.RD.2017.F.Lioshyn\SampleService\UserDocumentation\Help\Working\BuildTopics.proj]
BuildAssembler : warning : ShowMissingComponent: [N:UserServiceLibrary.Interface] Missing &lt;summary&gt; documentation [C:\Users\l_ma\Source\Repos\EPAM.RD.2017.F.Lioshyn\SampleService\UserDocumentation\Help\Working\BuildTopics.proj]
BuildAssembler : warning : ShowMissingComponent: [N:UserServiceLibrary.Tests] Missing &lt;summary&gt; documentation [C:\Users\l_ma\Source\Repos\EPAM.RD.2017.F.Lioshyn\SampleService\UserDocumentation\Help\Working\BuildTopics.proj]
BuildAssembler : warning : ShowMissingComponent: [M:UserServiceLibrary.Tests.UserServiceTests.Delete_User_Success] Missing &lt;summary&gt; documentation [C:\Users\l_ma\Source\Repos\EPAM.RD.2017.F.Lioshyn\SampleService\UserDocumentation\Help\Working\BuildTopics.proj]
  Processed 83 topic(s)
  9 warning(s)
  CopyFromIndexComponent: &quot;metadata&quot; in-memory cache entries used: 1 of 15.
  ResolveArtLinksComponent: Copying media files...
  CopyFromIndexComponent: &quot;reflection&quot; in-memory cache entries used: 4 of 15.
  CopyFromIndexComponent: &quot;comments&quot; in-memory cache entries used: 4 of 30.
‘Ў&#174;аЄ&#160; Їа&#174;ҐЄв&#160; &quot;C:\Users\l_ma\Source\Repos\EPAM.RD.2017.F.Lioshyn\SampleService\UserDocumentation\Help\Working\BuildTopics.proj&quot; &#167;&#160;ўҐаиҐ&#173;&#160; (жҐ&#171;ҐўлҐ &#174;ЎкҐЄвл Ї&#174; г&#172;&#174;&#171;з&#160;&#173;Ёо).

‘Ў&#174;аЄ&#160; гбЇҐи&#173;&#174; &#167;&#160;ўҐаиҐ&#173;&#160;.

‡&#160;ва&#160;зҐ&#173;&#173;&#174;Ґ ўаҐ&#172;п: 00:00:13.37
    Last step completed in 00:00:13,6633
</buildStep>
<buildStep step="CombiningIntermediateTocFiles">
Combining conceptual and API intermediate TOC files...
    Last step completed in 00:00:00,0030
</buildStep>
<buildStep step="ExtractingHtmlInfo">
Extracting HTML info for HTML Help 1 and/or website...
[C:\Program Files (x86)\MSBuild\14.0\bin\MSBuild.exe - ExtractHtmlInfo.proj]
Sandcastle Help File Builder and Tools, version 2017.1.28.0
Copyright c 2006-2017, Eric Woodruff, All Rights Reserved
E-Mail: Eric@EWoodruff.us

Using LCID &#39;1033&#39;, code page &#39;65001&#39;, encoding charset &#39;UTF-8&#39;.

Processing Help 1 files in C:\Users\l_ma\Source\Repos\EPAM.RD.2017.F.Lioshyn\SampleService\UserDocumentation\Help\Working\Output\HtmlHelp1
Processed 83 HTML files
Sorting keywords and generating See Also indices
Saving HTML Help 1 keyword index to C:\Users\l_ma\Source\Repos\EPAM.RD.2017.F.Lioshyn\SampleService\UserDocumentation\Help\Working\UserDocumentation.hhk
Saving HTML Help 1 table of contents to C:\Users\l_ma\Source\Repos\EPAM.RD.2017.F.Lioshyn\SampleService\UserDocumentation\Help\Working\UserDocumentation.hhc
    Last step completed in 00:00:00,4614
</buildStep>
<buildStep step="CopyStandardHelpContent">
Copying standard help content...
C:\Program Files (x86)\EWSoftware\Sandcastle Help File Builder\PresentationStyles\VS2013\icons\AlertCaution.png -&gt; C:\Users\l_ma\Source\Repos\EPAM.RD.2017.F.Lioshyn\SampleService\UserDocumentation\Help\Working\Output\HtmlHelp1\icons\AlertCaution.png
C:\Program Files (x86)\EWSoftware\Sandcastle Help File Builder\PresentationStyles\VS2013\icons\AlertNote.png -&gt; C:\Users\l_ma\Source\Repos\EPAM.RD.2017.F.Lioshyn\SampleService\UserDocumentation\Help\Working\Output\HtmlHelp1\icons\AlertNote.png
C:\Program Files (x86)\EWSoftware\Sandcastle Help File Builder\PresentationStyles\VS2013\icons\AlertSecurity.png -&gt; C:\Users\l_ma\Source\Repos\EPAM.RD.2017.F.Lioshyn\SampleService\UserDocumentation\Help\Working\Output\HtmlHelp1\icons\AlertSecurity.png
C:\Program Files (x86)\EWSoftware\Sandcastle Help File Builder\PresentationStyles\VS2013\icons\CFW.gif -&gt; C:\Users\l_ma\Source\Repos\EPAM.RD.2017.F.Lioshyn\SampleService\UserDocumentation\Help\Working\Output\HtmlHelp1\icons\CFW.gif
C:\Program Files (x86)\EWSoftware\Sandcastle Help File Builder\PresentationStyles\VS2013\icons\CodeExample.png -&gt; C:\Users\l_ma\Source\Repos\EPAM.RD.2017.F.Lioshyn\SampleService\UserDocumentation\Help\Working\Output\HtmlHelp1\icons\CodeExample.png
C:\Program Files (x86)\EWSoftware\Sandcastle Help File Builder\PresentationStyles\VS2013\icons\favicon.ico -&gt; C:\Users\l_ma\Source\Repos\EPAM.RD.2017.F.Lioshyn\SampleService\UserDocumentation\Help\Working\Output\HtmlHelp1\icons\favicon.ico
C:\Program Files (x86)\EWSoftware\Sandcastle Help File Builder\PresentationStyles\VS2013\icons\privclass.gif -&gt; C:\Users\l_ma\Source\Repos\EPAM.RD.2017.F.Lioshyn\SampleService\UserDocumentation\Help\Working\Output\HtmlHelp1\icons\privclass.gif
C:\Program Files (x86)\EWSoftware\Sandcastle Help File Builder\PresentationStyles\VS2013\icons\privdelegate.gif -&gt; C:\Users\l_ma\Source\Repos\EPAM.RD.2017.F.Lioshyn\SampleService\UserDocumentation\Help\Working\Output\HtmlHelp1\icons\privdelegate.gif
C:\Program Files (x86)\EWSoftware\Sandcastle Help File Builder\PresentationStyles\VS2013\icons\privenumeration.gif -&gt; C:\Users\l_ma\Source\Repos\EPAM.RD.2017.F.Lioshyn\SampleService\UserDocumentation\Help\Working\Output\HtmlHelp1\icons\privenumeration.gif
C:\Program Files (x86)\EWSoftware\Sandcastle Help File Builder\PresentationStyles\VS2013\icons\privevent.gif -&gt; C:\Users\l_ma\Source\Repos\EPAM.RD.2017.F.Lioshyn\SampleService\UserDocumentation\Help\Working\Output\HtmlHelp1\icons\privevent.gif
C:\Program Files (x86)\EWSoftware\Sandcastle Help File Builder\PresentationStyles\VS2013\icons\privextension.gif -&gt; C:\Users\l_ma\Source\Repos\EPAM.RD.2017.F.Lioshyn\SampleService\UserDocumentation\Help\Working\Output\HtmlHelp1\icons\privextension.gif
C:\Program Files (x86)\EWSoftware\Sandcastle Help File Builder\PresentationStyles\VS2013\icons\privfield.gif -&gt; C:\Users\l_ma\Source\Repos\EPAM.RD.2017.F.Lioshyn\SampleService\UserDocumentation\Help\Working\Output\HtmlHelp1\icons\privfield.gif
C:\Program Files (x86)\EWSoftware\Sandcastle Help File Builder\PresentationStyles\VS2013\icons\privinterface.gif -&gt; C:\Users\l_ma\Source\Repos\EPAM.RD.2017.F.Lioshyn\SampleService\UserDocumentation\Help\Working\Output\HtmlHelp1\icons\privinterface.gif
C:\Program Files (x86)\EWSoftware\Sandcastle Help File Builder\PresentationStyles\VS2013\icons\privmethod.gif -&gt; C:\Users\l_ma\Source\Repos\EPAM.RD.2017.F.Lioshyn\SampleService\UserDocumentation\Help\Working\Output\HtmlHelp1\icons\privmethod.gif
C:\Program Files (x86)\EWSoftware\Sandcastle Help File Builder\PresentationStyles\VS2013\icons\privproperty.gif -&gt; C:\Users\l_ma\Source\Repos\EPAM.RD.2017.F.Lioshyn\SampleService\UserDocumentation\Help\Working\Output\HtmlHelp1\icons\privproperty.gif
C:\Program Files (x86)\EWSoftware\Sandcastle Help File Builder\PresentationStyles\VS2013\icons\privstructure.gif -&gt; C:\Users\l_ma\Source\Repos\EPAM.RD.2017.F.Lioshyn\SampleService\UserDocumentation\Help\Working\Output\HtmlHelp1\icons\privstructure.gif
C:\Program Files (x86)\EWSoftware\Sandcastle Help File Builder\PresentationStyles\VS2013\icons\protclass.gif -&gt; C:\Users\l_ma\Source\Repos\EPAM.RD.2017.F.Lioshyn\SampleService\UserDocumentation\Help\Working\Output\HtmlHelp1\icons\protclass.gif
C:\Program Files (x86)\EWSoftware\Sandcastle Help File Builder\PresentationStyles\VS2013\icons\protdelegate.gif -&gt; C:\Users\l_ma\Source\Repos\EPAM.RD.2017.F.Lioshyn\SampleService\UserDocumentation\Help\Working\Output\HtmlHelp1\icons\protdelegate.gif
C:\Program Files (x86)\EWSoftware\Sandcastle Help File Builder\PresentationStyles\VS2013\icons\protenumeration.gif -&gt; C:\Users\l_ma\Source\Repos\EPAM.RD.2017.F.Lioshyn\SampleService\UserDocumentation\Help\Working\Output\HtmlHelp1\icons\protenumeration.gif
C:\Program Files (x86)\EWSoftware\Sandcastle Help File Builder\PresentationStyles\VS2013\icons\protevent.gif -&gt; C:\Users\l_ma\Source\Repos\EPAM.RD.2017.F.Lioshyn\SampleService\UserDocumentation\Help\Working\Output\HtmlHelp1\icons\protevent.gif
C:\Program Files (x86)\EWSoftware\Sandcastle Help File Builder\PresentationStyles\VS2013\icons\protextension.gif -&gt; C:\Users\l_ma\Source\Repos\EPAM.RD.2017.F.Lioshyn\SampleService\UserDocumentation\Help\Working\Output\HtmlHelp1\icons\protextension.gif
C:\Program Files (x86)\EWSoftware\Sandcastle Help File Builder\PresentationStyles\VS2013\icons\protfield.gif -&gt; C:\Users\l_ma\Source\Repos\EPAM.RD.2017.F.Lioshyn\SampleService\UserDocumentation\Help\Working\Output\HtmlHelp1\icons\protfield.gif
C:\Program Files (x86)\EWSoftware\Sandcastle Help File Builder\PresentationStyles\VS2013\icons\protinterface.gif -&gt; C:\Users\l_ma\Source\Repos\EPAM.RD.2017.F.Lioshyn\SampleService\UserDocumentation\Help\Working\Output\HtmlHelp1\icons\protinterface.gif
C:\Program Files (x86)\EWSoftware\Sandcastle Help File Builder\PresentationStyles\VS2013\icons\protmethod.gif -&gt; C:\Users\l_ma\Source\Repos\EPAM.RD.2017.F.Lioshyn\SampleService\UserDocumentation\Help\Working\Output\HtmlHelp1\icons\protmethod.gif
C:\Program Files (x86)\EWSoftware\Sandcastle Help File Builder\PresentationStyles\VS2013\icons\protoperator.gif -&gt; C:\Users\l_ma\Source\Repos\EPAM.RD.2017.F.Lioshyn\SampleService\UserDocumentation\Help\Working\Output\HtmlHelp1\icons\protoperator.gif
C:\Program Files (x86)\EWSoftware\Sandcastle Help File Builder\PresentationStyles\VS2013\icons\protproperty.gif -&gt; C:\Users\l_ma\Source\Repos\EPAM.RD.2017.F.Lioshyn\SampleService\UserDocumentation\Help\Working\Output\HtmlHelp1\icons\protproperty.gif
C:\Program Files (x86)\EWSoftware\Sandcastle Help File Builder\PresentationStyles\VS2013\icons\protstructure.gif -&gt; C:\Users\l_ma\Source\Repos\EPAM.RD.2017.F.Lioshyn\SampleService\UserDocumentation\Help\Working\Output\HtmlHelp1\icons\protstructure.gif
C:\Program Files (x86)\EWSoftware\Sandcastle Help File Builder\PresentationStyles\VS2013\icons\pubclass.gif -&gt; C:\Users\l_ma\Source\Repos\EPAM.RD.2017.F.Lioshyn\SampleService\UserDocumentation\Help\Working\Output\HtmlHelp1\icons\pubclass.gif
C:\Program Files (x86)\EWSoftware\Sandcastle Help File Builder\PresentationStyles\VS2013\icons\pubdelegate.gif -&gt; C:\Users\l_ma\Source\Repos\EPAM.RD.2017.F.Lioshyn\SampleService\UserDocumentation\Help\Working\Output\HtmlHelp1\icons\pubdelegate.gif
C:\Program Files (x86)\EWSoftware\Sandcastle Help File Builder\PresentationStyles\VS2013\icons\pubenumeration.gif -&gt; C:\Users\l_ma\Source\Repos\EPAM.RD.2017.F.Lioshyn\SampleService\UserDocumentation\Help\Working\Output\HtmlHelp1\icons\pubenumeration.gif
C:\Program Files (x86)\EWSoftware\Sandcastle Help File Builder\PresentationStyles\VS2013\icons\pubevent.gif -&gt; C:\Users\l_ma\Source\Repos\EPAM.RD.2017.F.Lioshyn\SampleService\UserDocumentation\Help\Working\Output\HtmlHelp1\icons\pubevent.gif
C:\Program Files (x86)\EWSoftware\Sandcastle Help File Builder\PresentationStyles\VS2013\icons\pubextension.gif -&gt; C:\Users\l_ma\Source\Repos\EPAM.RD.2017.F.Lioshyn\SampleService\UserDocumentation\Help\Working\Output\HtmlHelp1\icons\pubextension.gif
C:\Program Files (x86)\EWSoftware\Sandcastle Help File Builder\PresentationStyles\VS2013\icons\pubfield.gif -&gt; C:\Users\l_ma\Source\Repos\EPAM.RD.2017.F.Lioshyn\SampleService\UserDocumentation\Help\Working\Output\HtmlHelp1\icons\pubfield.gif
C:\Program Files (x86)\EWSoftware\Sandcastle Help File Builder\PresentationStyles\VS2013\icons\pubinterface.gif -&gt; C:\Users\l_ma\Source\Repos\EPAM.RD.2017.F.Lioshyn\SampleService\UserDocumentation\Help\Working\Output\HtmlHelp1\icons\pubinterface.gif
C:\Program Files (x86)\EWSoftware\Sandcastle Help File Builder\PresentationStyles\VS2013\icons\pubmethod.gif -&gt; C:\Users\l_ma\Source\Repos\EPAM.RD.2017.F.Lioshyn\SampleService\UserDocumentation\Help\Working\Output\HtmlHelp1\icons\pubmethod.gif
C:\Program Files (x86)\EWSoftware\Sandcastle Help File Builder\PresentationStyles\VS2013\icons\puboperator.gif -&gt; C:\Users\l_ma\Source\Repos\EPAM.RD.2017.F.Lioshyn\SampleService\UserDocumentation\Help\Working\Output\HtmlHelp1\icons\puboperator.gif
C:\Program Files (x86)\EWSoftware\Sandcastle Help File Builder\PresentationStyles\VS2013\icons\pubproperty.gif -&gt; C:\Users\l_ma\Source\Repos\EPAM.RD.2017.F.Lioshyn\SampleService\UserDocumentation\Help\Working\Output\HtmlHelp1\icons\pubproperty.gif
C:\Program Files (x86)\EWSoftware\Sandcastle Help File Builder\PresentationStyles\VS2013\icons\pubstructure.gif -&gt; C:\Users\l_ma\Source\Repos\EPAM.RD.2017.F.Lioshyn\SampleService\UserDocumentation\Help\Working\Output\HtmlHelp1\icons\pubstructure.gif
C:\Program Files (x86)\EWSoftware\Sandcastle Help File Builder\PresentationStyles\VS2013\icons\SectionCollapsed.png -&gt; C:\Users\l_ma\Source\Repos\EPAM.RD.2017.F.Lioshyn\SampleService\UserDocumentation\Help\Working\Output\HtmlHelp1\icons\SectionCollapsed.png
C:\Program Files (x86)\EWSoftware\Sandcastle Help File Builder\PresentationStyles\VS2013\icons\SectionExpanded.png -&gt; C:\Users\l_ma\Source\Repos\EPAM.RD.2017.F.Lioshyn\SampleService\UserDocumentation\Help\Working\Output\HtmlHelp1\icons\SectionExpanded.png
C:\Program Files (x86)\EWSoftware\Sandcastle Help File Builder\PresentationStyles\VS2013\icons\slMobile.gif -&gt; C:\Users\l_ma\Source\Repos\EPAM.RD.2017.F.Lioshyn\SampleService\UserDocumentation\Help\Working\Output\HtmlHelp1\icons\slMobile.gif
C:\Program Files (x86)\EWSoftware\Sandcastle Help File Builder\PresentationStyles\VS2013\icons\static.gif -&gt; C:\Users\l_ma\Source\Repos\EPAM.RD.2017.F.Lioshyn\SampleService\UserDocumentation\Help\Working\Output\HtmlHelp1\icons\static.gif
C:\Program Files (x86)\EWSoftware\Sandcastle Help File Builder\PresentationStyles\VS2013\icons\xna.gif -&gt; C:\Users\l_ma\Source\Repos\EPAM.RD.2017.F.Lioshyn\SampleService\UserDocumentation\Help\Working\Output\HtmlHelp1\icons\xna.gif
C:\Program Files (x86)\EWSoftware\Sandcastle Help File Builder\PresentationStyles\VS2013\scripts\branding.js -&gt; C:\Users\l_ma\Source\Repos\EPAM.RD.2017.F.Lioshyn\SampleService\UserDocumentation\Help\Working\Output\HtmlHelp1\scripts\branding.js
C:\Program Files (x86)\EWSoftware\Sandcastle Help File Builder\PresentationStyles\VS2013\styles\branding-cs-CZ.css -&gt; C:\Users\l_ma\Source\Repos\EPAM.RD.2017.F.Lioshyn\SampleService\UserDocumentation\Help\Working\Output\HtmlHelp1\styles\branding-cs-CZ.css
C:\Program Files (x86)\EWSoftware\Sandcastle Help File Builder\PresentationStyles\VS2013\styles\branding-de-DE.css -&gt; C:\Users\l_ma\Source\Repos\EPAM.RD.2017.F.Lioshyn\SampleService\UserDocumentation\Help\Working\Output\HtmlHelp1\styles\branding-de-DE.css
C:\Program Files (x86)\EWSoftware\Sandcastle Help File Builder\PresentationStyles\VS2013\styles\branding-en-US.css -&gt; C:\Users\l_ma\Source\Repos\EPAM.RD.2017.F.Lioshyn\SampleService\UserDocumentation\Help\Working\Output\HtmlHelp1\styles\branding-en-US.css
C:\Program Files (x86)\EWSoftware\Sandcastle Help File Builder\PresentationStyles\VS2013\styles\branding-es-ES.css -&gt; C:\Users\l_ma\Source\Repos\EPAM.RD.2017.F.Lioshyn\SampleService\UserDocumentation\Help\Working\Output\HtmlHelp1\styles\branding-es-ES.css
C:\Program Files (x86)\EWSoftware\Sandcastle Help File Builder\PresentationStyles\VS2013\styles\branding-fr-FR.css -&gt; C:\Users\l_ma\Source\Repos\EPAM.RD.2017.F.Lioshyn\SampleService\UserDocumentation\Help\Working\Output\HtmlHelp1\styles\branding-fr-FR.css
C:\Program Files (x86)\EWSoftware\Sandcastle Help File Builder\PresentationStyles\VS2013\styles\branding-Help1.css -&gt; C:\Users\l_ma\Source\Repos\EPAM.RD.2017.F.Lioshyn\SampleService\UserDocumentation\Help\Working\Output\HtmlHelp1\styles\branding-Help1.css
C:\Program Files (x86)\EWSoftware\Sandcastle Help File Builder\PresentationStyles\VS2013\styles\branding-HelpViewer.css -&gt; C:\Users\l_ma\Source\Repos\EPAM.RD.2017.F.Lioshyn\SampleService\UserDocumentation\Help\Working\Output\HtmlHelp1\styles\branding-HelpViewer.css
C:\Program Files (x86)\EWSoftware\Sandcastle Help File Builder\PresentationStyles\VS2013\styles\branding-it-IT.css -&gt; C:\Users\l_ma\Source\Repos\EPAM.RD.2017.F.Lioshyn\SampleService\UserDocumentation\Help\Working\Output\HtmlHelp1\styles\branding-it-IT.css
C:\Program Files (x86)\EWSoftware\Sandcastle Help File Builder\PresentationStyles\VS2013\styles\branding-ja-JP.css -&gt; C:\Users\l_ma\Source\Repos\EPAM.RD.2017.F.Lioshyn\SampleService\UserDocumentation\Help\Working\Output\HtmlHelp1\styles\branding-ja-JP.css
C:\Program Files (x86)\EWSoftware\Sandcastle Help File Builder\PresentationStyles\VS2013\styles\branding-ko-KR.css -&gt; C:\Users\l_ma\Source\Repos\EPAM.RD.2017.F.Lioshyn\SampleService\UserDocumentation\Help\Working\Output\HtmlHelp1\styles\branding-ko-KR.css
C:\Program Files (x86)\EWSoftware\Sandcastle Help File Builder\PresentationStyles\VS2013\styles\branding-pl-PL.css -&gt; C:\Users\l_ma\Source\Repos\EPAM.RD.2017.F.Lioshyn\SampleService\UserDocumentation\Help\Working\Output\HtmlHelp1\styles\branding-pl-PL.css
C:\Program Files (x86)\EWSoftware\Sandcastle Help File Builder\PresentationStyles\VS2013\styles\branding-pt-BR.css -&gt; C:\Users\l_ma\Source\Repos\EPAM.RD.2017.F.Lioshyn\SampleService\UserDocumentation\Help\Working\Output\HtmlHelp1\styles\branding-pt-BR.css
C:\Program Files (x86)\EWSoftware\Sandcastle Help File Builder\PresentationStyles\VS2013\styles\branding-ru-RU.css -&gt; C:\Users\l_ma\Source\Repos\EPAM.RD.2017.F.Lioshyn\SampleService\UserDocumentation\Help\Working\Output\HtmlHelp1\styles\branding-ru-RU.css
C:\Program Files (x86)\EWSoftware\Sandcastle Help File Builder\PresentationStyles\VS2013\styles\branding-tr-TR.css -&gt; C:\Users\l_ma\Source\Repos\EPAM.RD.2017.F.Lioshyn\SampleService\UserDocumentation\Help\Working\Output\HtmlHelp1\styles\branding-tr-TR.css
C:\Program Files (x86)\EWSoftware\Sandcastle Help File Builder\PresentationStyles\VS2013\styles\branding-Website.css -&gt; C:\Users\l_ma\Source\Repos\EPAM.RD.2017.F.Lioshyn\SampleService\UserDocumentation\Help\Working\Output\HtmlHelp1\styles\branding-Website.css
C:\Program Files (x86)\EWSoftware\Sandcastle Help File Builder\PresentationStyles\VS2013\styles\branding-zh-CN.css -&gt; C:\Users\l_ma\Source\Repos\EPAM.RD.2017.F.Lioshyn\SampleService\UserDocumentation\Help\Working\Output\HtmlHelp1\styles\branding-zh-CN.css
C:\Program Files (x86)\EWSoftware\Sandcastle Help File Builder\PresentationStyles\VS2013\styles\branding-zh-TW.css -&gt; C:\Users\l_ma\Source\Repos\EPAM.RD.2017.F.Lioshyn\SampleService\UserDocumentation\Help\Working\Output\HtmlHelp1\styles\branding-zh-TW.css
C:\Program Files (x86)\EWSoftware\Sandcastle Help File Builder\PresentationStyles\VS2013\styles\branding.css -&gt; C:\Users\l_ma\Source\Repos\EPAM.RD.2017.F.Lioshyn\SampleService\UserDocumentation\Help\Working\Output\HtmlHelp1\styles\branding.css
    Last step completed in 00:00:00,5775
</buildStep>
<buildStep step="GenerateHelpFormatTableOfContents">
Generating HTML Help 1 table of contents file...
    Last step completed in 00:00:00,0000
</buildStep>
<buildStep step="GenerateHelpFileIndex">
Generating HTML Help 1 index file...
    Last step completed in 00:00:00,0005
</buildStep>
<buildStep step="GenerateHelpProject">
Generating HTML Help 1 project file...
    Last step completed in 00:00:00,0095
</buildStep>
<buildStep step="CompilingHelpFile">
Compiling HTML Help 1 file...
[C:\Program Files (x86)\MSBuild\14.0\bin\MSBuild.exe - Build1xHelpFile.proj]
  Microsoft HTML Help Compiler 4.74.8702
  
  
  
  Compiling c:\Users\l_ma\Source\Repos\EPAM.RD.2017.F.Lioshyn\SampleService\UserDocumentation\Help\Working\Output\HtmlHelp1\UserDocumentation.chm
  
  
  
  
  
  Compile time: 0 minutes, 3 seconds
  
  85	Topics
  
  741	Local links
  
  465	Internet links
  
  0	Graphics
  
  
  
  
  
  Created c:\Users\l_ma\Source\Repos\EPAM.RD.2017.F.Lioshyn\SampleService\UserDocumentation\Help\Working\Output\HtmlHelp1\UserDocumentation.chm, 143,841 bytes
  
  Compression decreased file by 580,761 bytes.
  
    Last step completed in 00:00:04,6152
</buildStep>
<buildStep step="CleanIntermediates">
Removing intermediate files...
    Last step completed in 00:00:00,2677
</buildStep>
<buildStep step="Completed">

Build completed successfully at 20.02.2017 15:40:14.  Total time: 00:00:24,2353

</buildStep>
</shfbBuild>
